0 info it worked if it ends with ok
1 verbose cli [ '/Users/tangtangli/.nvm/versions/io.js/v2.3.4/bin/iojs',
1 verbose cli   '/Users/tangtangli/.nvm/versions/io.js/v2.3.4/bin/npm',
1 verbose cli   'run',
1 verbose cli   'start' ]
2 info using npm@3.10.9
3 info using node@v2.3.4
4 verbose stack Error: missing script: start
4 verbose stack     at run (/Users/tangtangli/.nvm/versions/io.js/v2.3.4/lib/node_modules/npm/lib/run-script.js:151:19)
4 verbose stack     at /Users/tangtangli/.nvm/versions/io.js/v2.3.4/lib/node_modules/npm/lib/run-script.js:61:5
4 verbose stack     at /Users/tangtangli/.nvm/versions/io.js/v2.3.4/lib/node_modules/npm/node_modules/read-package-json/read-json.js:356:5
4 verbose stack     at checkBinReferences_ (/Users/tangtangli/.nvm/versions/io.js/v2.3.4/lib/node_modules/npm/node_modules/read-package-json/read-json.js:320:45)
4 verbose stack     at final (/Users/tangtangli/.nvm/versions/io.js/v2.3.4/lib/node_modules/npm/node_modules/read-package-json/read-json.js:354:3)
4 verbose stack     at then (/Users/tangtangli/.nvm/versions/io.js/v2.3.4/lib/node_modules/npm/node_modules/read-package-json/read-json.js:124:5)
4 verbose stack     at /Users/tangtangli/.nvm/versions/io.js/v2.3.4/lib/node_modules/npm/node_modules/read-package-json/read-json.js:311:12
4 verbose stack     at /Users/tangtangli/.nvm/versions/io.js/v2.3.4/lib/node_modules/npm/node_modules/graceful-fs/graceful-fs.js:78:16
4 verbose stack     at FSReqWrap.readFileAfterClose [as oncomplete] (fs.js:380:3)
5 verbose cwd /Users/tangtangli/Work/pipeway-web
6 error Darwin 16.0.0
7 error argv "/Users/tangtangli/.nvm/versions/io.js/v2.3.4/bin/iojs" "/Users/tangtangli/.nvm/versions/io.js/v2.3.4/bin/npm" "run" "start"
8 error node v2.3.4
9 error npm  v3.10.9
10 error missing script: start
11 error If you need help, you may report this error at:
11 error     <https://github.com/npm/npm/issues>
12 verbose exit [ 1, true ]
